# JRE version: Java(TM) SE Runtime Environment (17.0.9+11) (build 17.0.9+11-LTS-201)
# Java VM: Java HotSpot(TM) 64-Bit Server VM (17.0.9+11-LTS-201, mixed mode, sharing, tiered, compressed oops, compressed class ptrs, g1 gc, windows-amd64)
GC Precious Log:
 CPUs: 8 total, 8 available
 Memory: 8072M
 Large Page Support: Disabled
 NUMA Support: Disabled
 Compressed Oops: Enabled (32-bit)
 Heap Region Size: 1M
 Heap Min Capacity: 256M
 Heap Initial Capacity: 256M
 Heap Max Capacity: 512M
 Pre-touch: Disabled
 Parallel Workers: 8
 Concurrent Workers: 2
 Concurrent Refinement Workers: 8
 Periodic GC: Disabled
Heap:
 garbage-first heap   total 262144K, used 84753K [0x00000000e0000000, 0x0000000100000000)
  region size 1024K, 20 young (20480K), 9 survivors (9216K)
 Metaspace       used 48611K, committed 49216K, reserved 393216K
  class space    used 6929K, committed 7232K, reserved 327680K
GC Heap History (14 events):
Event: 0.671 GC heap before
{Heap before GC invocations=0 (full 0):
 garbage-first heap   total 262144K, used 26624K [0x00000000e0000000, 0x0000000100000000)
  region size 1024K, 23 young (23552K), 0 survivors (0K)
 Metaspace       used 3040K, committed 3136K, reserved 393216K
  class space    used 391K, committed 448K, reserved 327680K
}
Event: 0.676 GC heap after
{Heap after GC invocations=1 (full 0):
 garbage-first heap   total 262144K, used 10404K [0x00000000e0000000, 0x0000000100000000)
  region size 1024K, 3 young (3072K), 3 survivors (3072K)
 Metaspace       used 3040K, committed 3136K, reserved 393216K
  class space    used 391K, committed 448K, reserved 327680K
}
Event: 1.043 GC heap before
{Heap before GC invocations=1 (full 0):
 garbage-first heap   total 262144K, used 38052K [0x00000000e0000000, 0x0000000100000000)
  region size 1024K, 30 young (30720K), 3 survivors (3072K)
 Metaspace       used 4005K, committed 4160K, reserved 393216K
  class space    used 491K, committed 576K, reserved 327680K
}
Event: 1.046 GC heap after
{Heap after GC invocations=2 (full 0):
 garbage-first heap   total 262144K, used 11875K [0x00000000e0000000, 0x0000000100000000)
  region size 1024K, 2 young (2048K), 2 survivors (2048K)
 Metaspace       used 4005K, committed 4160K, reserved 393216K
  class space    used 491K, committed 576K, reserved 327680K
}
Event: 3.800 GC heap before
{Heap before GC invocations=2 (full 0):
 garbage-first heap   total 262144K, used 132707K [0x00000000e0000000, 0x0000000100000000)
  region size 1024K, 115 young (117760K), 2 survivors (2048K)
 Metaspace       used 21165K, committed 21504K, reserved 393216K
  class space    used 3140K, committed 3264K, reserved 327680K
}
Event: 3.811 GC heap after
{Heap after GC invocations=3 (full 0):
 garbage-first heap   total 262144K, used 28852K [0x00000000e0000000, 0x0000000100000000)
  region size 1024K, 13 young (13312K), 13 survivors (13312K)
 Metaspace       used 21165K, committed 21504K, reserved 393216K
  class space    used 3140K, committed 3264K, reserved 327680K
}
Event: 6.540 GC heap before
{Heap before GC invocations=4 (full 0):
 garbage-first heap   total 262144K, used 168116K [0x00000000e0000000, 0x0000000100000000)
  region size 1024K, 122 young (124928K), 13 survivors (13312K)
 Metaspace       used 35551K, committed 35968K, reserved 393216K
  class space    used 4910K, committed 5120K, reserved 327680K
}
Event: 6.560 GC heap after
{Heap after GC invocations=5 (full 0):
 garbage-first heap   total 262144K, used 63622K [0x00000000e0000000, 0x0000000100000000)
  region size 1024K, 11 young (11264K), 11 survivors (11264K)
 Metaspace       used 35551K, committed 35968K, reserved 393216K
  class space    used 4910K, committed 5120K, reserved 327680K
}
Event: 6.598 GC heap before
{Heap before GC invocations=5 (full 0):
 garbage-first heap   total 262144K, used 64646K [0x00000000e0000000, 0x0000000100000000)
  region size 1024K, 12 young (12288K), 11 survivors (11264K)
 Metaspace       used 35680K, committed 36160K, reserved 393216K
  class space    used 4931K, committed 5184K, reserved 327680K
}
Event: 6.608 GC heap after
{Heap after GC invocations=6 (full 0):
 garbage-first heap   total 262144K, used 64275K [0x00000000e0000000, 0x0000000100000000)
  region size 1024K, 2 young (2048K), 2 survivors (2048K)
 Metaspace       used 35680K, committed 36160K, reserved 393216K
  class space    used 4931K, committed 5184K, reserved 327680K
}
Event: 6.646 GC heap before
{Heap before GC invocations=6 (full 0):
 garbage-first heap   total 262144K, used 66323K [0x00000000e0000000, 0x0000000100000000)
  region size 1024K, 5 young (5120K), 2 survivors (2048K)
 Metaspace       used 35861K, committed 36288K, reserved 393216K
  class space    used 4959K, committed 5184K, reserved 327680K
}
Event: 6.648 GC heap after
{Heap after GC invocations=7 (full 0):
 garbage-first heap   total 262144K, used 63288K [0x00000000e0000000, 0x0000000100000000)
  region size 1024K, 1 young (1024K), 1 survivors (1024K)
 Metaspace       used 35861K, committed 36288K, reserved 393216K
  class space    used 4959K, committed 5184K, reserved 327680K
}
Event: 8.808 GC heap before
{Heap before GC invocations=8 (full 0):
 garbage-first heap   total 262144K, used 191288K [0x00000000e0000000, 0x0000000100000000)
  region size 1024K, 122 young (124928K), 1 survivors (1024K)
 Metaspace       used 47575K, committed 48192K, reserved 393216K
  class space    used 6731K, committed 7040K, reserved 327680K
}
Event: 8.818 GC heap after
{Heap after GC invocations=9 (full 0):
 garbage-first heap   total 262144K, used 74513K [0x00000000e0000000, 0x0000000100000000)
  region size 1024K, 9 young (9216K), 9 survivors (9216K)
 Metaspace       used 47575K, committed 48192K, reserved 393216K
  class space    used 6731K, committed 7040K, reserved 327680K
}

